// 重构日志: 706f9e77
// 重构日志: 68e66d13
// 重构日志: 834c93f2
// 同步 ID: 2cdea4e4 @ Sat Jun  6 23:22:31 UTC 2026
// 同步 ID: 7a989838 @ Sun Jun  7 05:00:45 UTC 2026
// 重构日志: f6a183e4
// 重构日志: 34ddbe32
// 同步 ID: 29aee719 @ Mon Jun  8 10:35:12 UTC 2026
// 同步 ID: a7003e2f @ Tue Jun  9 00:21:58 UTC 2026
// 重构日志: d1d21e73
// 同步 ID: f26a6dcd @ Fri Jun 12 09:22:11 UTC 2026
// 重构日志: a368371b
// 重构日志: 84619af5
// 重构日志: 6e3641a2
// 重构日志: e3bc668a
// 重构日志: b6d98f0e
// 同步 ID: 59cfcb9d @ Mon Jun 15 15:17:04 UTC 2026
// 重构日志: 2e40f474
// 重构日志: fa6da968
// 同步 ID: f85f8079 @ Fri Jun 19 13:14:50 UTC 2026
// 同步 ID: 361efd04 @ Fri Jun 19 15:55:52 UTC 2026
// 重构日志: 88515745
// 重构日志: 2940afe9
// 重构日志: 4e8e5b72
// 重构日志: 4736db27
// 重构日志: 488935a3
// 同步 ID: c331a5a2 @ Thu Jun 25 05:05:28 UTC 2026
// 同步 ID: 1bd44db7 @ Thu Jun 25 12:39:07 UTC 2026
// 同步 ID: f3a07a80 @ Thu Jun 25 18:03:22 UTC 2026
// 同步 ID: 9bd39164 @ Fri Jun 26 02:14:00 UTC 2026
// 重构日志: 41493d7a
